[2025-02-23T04:52:09.218Z] GET /api/weather?input=Las%20Vegas,%20Nevada 304 66.099 ms - -
[2025-02-23T04:52:32.405Z] GET /api/weather?input=Las%20Vegas,%20Nevada 304 83.614 ms - -
[2025-02-23T04:52:58.806Z] GET /api/weather?input=Las%20Vegas,%20Nevada 304 104.207 ms - -
[2025-02-23T04:53:11.742Z] GET /api/weather?input=Las%20Vegas,%20Nevada 304 80.335 ms - -
[2025-02-23T05:02:24.702Z] GET /api/weather?input=Las%20Vegas,%20Nevada 200 184.152 ms - 789
[2025-02-23T05:02:56.161Z] GET /api/weather?input=Las%20Vegas,%20Nevada 304 85.763 ms - -
[2025-02-23T05:03:01.995Z] GET /api/weather?input=Las%20Vegas,%20Nevada 304 102.686 ms - -
[2025-02-23T05:04:32.383Z] GET /api/weather?input=Las%20Vegas,%20Nevada 200 253.216 ms - 789
[2025-02-23T05:50:37.799Z] GET /api/weather?input=Las%20Vegas,%20Nevada 200 389.392 ms - 791
[2025-02-23T06:20:28.380Z] GET /api/weather?input=Las%20Vegas,%20Nevada 200 220.203 ms - 783
[2025-02-23T06:21:18.148Z] GET /api/weather?input=Las%20Vegas,%20Nevada 304 61.454 ms - -
[2025-02-23T06:23:18.626Z] GET /api/weather?input=Las%20Vegas,%20Nevada 304 117.247 ms - -
[2025-02-23T06:24:04.082Z] GET /api/weather?input=Las%20Vegas,%20Nevada 200 392.328 ms - 783
[2025-02-23T06:24:08.098Z] GET /api/weather?input=Las%20Vegas,%20Nevada 304 27.509 ms - -
[2025-02-23T06:24:31.123Z] GET /api/weather?input=Las%20Vegas,%20Nevada 304 89.033 ms - -
[2025-02-23T06:24:45.499Z] GET /api/weather?input=Las%20Vegas,%20Nevada 304 107.380 ms - -
[2025-02-23T06:24:56.723Z] GET /api/weather?input=Las%20Vegas,%20Nevada 304 83.556 ms - -
[2025-02-23T06:25:05.765Z] GET /api/weather?input=Las%20Vegas,%20Nevada 304 55.149 ms - -
[2025-02-23T06:25:11.409Z] GET /api/weather?input=Las%20Vegas,%20Nevada 304 37.687 ms - -
[2025-02-23T06:25:18.206Z] GET /api/weather?input=Las%20Vegas,%20Nevada 304 42.947 ms - -
[2025-02-23T06:26:06.855Z] GET /api/weather?input=Las%20Vegas,%20Nevada 304 108.416 ms - -
[2025-02-23T06:26:27.585Z] GET /api/weather?input=Las%20Vegas,%20Nevada 304 87.804 ms - -
[2025-02-23T06:26:42.916Z] GET /api/weather?input=Las%20Vegas,%20Nevada 304 112.395 ms - -
[2025-02-23T07:40:36.026Z] GET /api/weather?input=Las%20Vegas,Nevada 200 262.098 ms - 786
[2025-02-23T07:41:13.227Z] GET /api/weather?input=Las%20Vegas,%20Nevada 200 261.853 ms - 786
[2025-02-23T07:42:32.449Z] GET /api/weather?input=Las%20Vegas,%20Nevada 304 64.046 ms - -
[2025-02-23T08:12:43.239Z] GET /api/weather?input=Las%20Vegas,%20Nevada 200 208.131 ms - 790
[2025-02-23T08:13:10.946Z] GET /api/weather?input=Las%20Vegas,%20Nevada 304 97.373 ms - -
[2025-02-23T08:13:11.836Z] GET /api/weather?input= 400 0.679 ms - 28
[2025-02-23T08:13:43.070Z] GET /api/weather?input=Las%20Vegas,%20Nevada 304 99.711 ms - -
[2025-02-23T08:13:44.515Z] GET /api/weather?input=Las%20Vegas,%20Nevada 304 194.790 ms - -
[2025-02-23T08:13:57.509Z] GET /api/weather?input=Las%20Vegas,%20Nevada 304 69.958 ms - -
[2025-02-23T08:13:58.991Z] GET /api/weather?input=Las%20Vegas,%20Nevada 304 20.775 ms - -
[2025-02-23T08:14:23.366Z] GET /api/weather?input=Las%20Vegas,%20Nevada 304 62.247 ms - -
[2025-02-23T08:14:24.451Z] GET /api/weather?input=Las%20Vegas,%20Nevada 304 22.641 ms - -
[2025-02-23T08:14:25.790Z] GET /api/weather?input=Las%20Vegas,%20Nevada 304 20.709 ms - -
[2025-02-23T08:14:26.881Z] GET /api/weather?input=Las%20Vegas,%20Nevada 304 23.631 ms - -
[2025-02-23T08:14:28.493Z] GET /api/weather?input=Las%20Vegas,%20Nevada 304 26.886 ms - -
[2025-02-23T08:14:29.751Z] GET /api/weather?input=Las%20Vegas,%20Nevada 304 19.672 ms - -
[2025-02-23T08:14:30.882Z] GET /api/weather?input=Las%20Vegas,%20Nevada 304 20.610 ms - -
[2025-02-23T08:14:31.857Z] GET /api/weather?input=Las%20Vegas,%20Nevada 304 17.043 ms - -
[2025-02-23T08:17:04.816Z] GET /api/weather?input=Las%20Vegas,%20Nevada 200 253.999 ms - 787
[2025-02-23T08:17:06.956Z] GET /api/weather?input=Las%20Vegas,%20Nevada 304 25.453 ms - -
[2025-02-23T08:17:08.909Z] GET /api/weather?input=Las%20Vegas,%20Nevada 304 24.134 ms - -
[2025-02-23T08:17:46.929Z] GET /api/weather?input=Las%20Vegas,%20Nevada 304 113.254 ms - -
[2025-02-23T08:18:56.975Z] GET /api/weather?input=Las%20Vegas,%20Nevada 304 68.240 ms - -
[2025-02-23T08:19:11.950Z] GET /api/weather?input=Las%20Vegas,%20Nevada 304 75.294 ms - -
[2025-02-23T08:19:31.597Z] GET /api/weather?input=Las%20Vegas,%20Nevada 304 58.125 ms - -
[2025-02-23T18:44:51.664Z] GET /favicon.ico 404 2.041 ms - 150
[2025-02-23T18:46:48.963Z] GET /api/weather?input=Las%20Vegas,%20Nevada 200 263.734 ms - 789
[2025-02-23T18:46:56.900Z] GET /api/weather?input=Las%20Vegas,%20Nevada 304 41.976 ms - -
[2025-02-23T18:46:58.220Z] GET /api/weather?input=Las%20Vegas,%20Nevada 304 21.984 ms - -
[2025-02-23T18:46:59.326Z] GET /api/weather?input=Las%20Vegas,%20Nevada 304 21.576 ms - -
[2025-02-23T18:47:00.474Z] GET /api/weather?input=Las%20Vegas,%20Nevada 304 24.095 ms - -
[2025-02-23T18:47:01.649Z] GET /api/weather?input=Las%20Vegas,%20Nevada 304 20.290 ms - -
[2025-02-23T18:47:02.633Z] GET /api/weather?input=Las%20Vegas,%20Nevada 304 20.572 ms - -
[2025-02-23T18:47:03.737Z] GET /api/weather?input=Las%20Vegas,%20Nevada 304 22.748 ms - -
[2025-02-23T18:55:55.869Z] GET /api/weather?input=Las%20Vegas,%20Nevada 200 225.334 ms - 789
[2025-02-23T18:56:11.049Z] GET /$%7Bicon%7D 404 0.218 ms - 150
[2025-02-23T18:56:34.993Z] GET /$%7Bicon%7D 404 0.193 ms - 150
[2025-02-23T18:57:07.326Z] GET /$%7Bicon%7D 404 0.157 ms - 150
[2025-02-23T18:57:40.842Z] GET /$%7Bicon%7D 404 0.312 ms - 150
[2025-02-23T18:57:52.302Z] GET /$%7Bicon%7D 404 0.176 ms - 150
[2025-02-23T18:58:03.125Z] GET /$%7Bicon%7D 404 0.183 ms - 150
[2025-02-23T18:58:40.668Z] GET /api/weather?input=Las%20Vegas,%20Nevada 304 68.056 ms - -
[2025-02-23T18:59:25.864Z] GET /$%7Bicon%7D 404 0.194 ms - 150
[2025-02-23T18:59:33.878Z] GET /api/weather?input=Las%20Vegas,%20Nevada 200 212.474 ms - 789
[2025-02-23T19:05:33.518Z] GET /api/weather?input=Las%20Vegas,%20Nevada 200 245.802 ms - 789
[2025-02-23T19:06:05.212Z] GET /api/weather?input=Las%20Vegas,%20Nevada 304 82.842 ms - -
[2025-02-23T19:13:54.397Z] GET /api/weather?input=Las%20Vegas,%20Nevada 200 227.535 ms - 789
[2025-02-23T23:46:37.265Z] GET /api/weather?input=Las%20Vegas,%20Nevada 200 285.000 ms - 789
[2025-02-23T23:47:13.269Z] GET /api/weather?input=Las%20Vegas,%20Nevada 304 107.899 ms - -
[2025-02-23T23:48:56.125Z] GET /api/weather?input=Las%20Vegas,%20Nevada 304 104.204 ms - -
[2025-02-23T23:52:39.830Z] GET /api/weather?input=Las%20Vegas,%20Nevada 200 217.009 ms - 789
[2025-02-23T23:52:51.085Z] GET /api/weather?input=New%20York%20City,%20New%20York 200 333.669 ms - 797
[2025-02-23T23:58:01.020Z] GET /api/weather?input=Las%20Vegas,%20Nevada 200 254.364 ms - 789
[2025-02-23T23:58:04.135Z] GET /api/weather?input=Las%20Vegas,%20Nevada 304 24.104 ms - -
[2025-02-23T23:58:06.633Z] GET /api/weather?input=Las%20Vegas,%20Nevada 304 23.253 ms - -
[2025-02-23T23:58:09.386Z] GET /api/weather?input=Las%20Vegas,%20Nevada 304 23.711 ms - -
[2025-02-23T23:58:12.807Z] GET /api/weather?input=Las%20Vegas,%20Nevada 304 22.117 ms - -
[2025-02-23T23:58:16.202Z] GET /api/weather?input=Las%20Vegas,%20Nevada 304 21.749 ms - -
[2025-02-23T23:58:20.172Z] GET /api/weather?input=Las%20Vegas,%20Nevada 304 20.745 ms - -
[2025-02-24T00:00:08.211Z] GET /api/weather?input=Las%20Vegas,%20Nevada 304 93.821 ms - -
[2025-02-24T00:00:16.057Z] GET /api/weather?input=Las%20Vegas,%20Nevada 304 53.152 ms - -
[2025-02-24T00:00:18.074Z] GET /api/weather?input=Las%20Vegas,%20Nevada 304 60.798 ms - -
[2025-02-24T00:00:20.633Z] GET /api/weather?input=Las%20Vegas,%20Nevada 304 29.061 ms - -
[2025-02-24T00:00:27.093Z] GET /api/weather?input=Las%20Vegas,%20Nevada 304 64.934 ms - -
[2025-02-24T00:00:29.451Z] GET /api/weather?input=Las%20Vegas,%20Nevada 304 15.476 ms - -
[2025-02-24T00:06:52.205Z] GET /api/weather?input=Las%20Vegas,%20Nevada 200 242.496 ms - 791
[2025-02-24T00:07:25.147Z] GET /api/weather?input=Las%20Vegas,%20Nevada 304 62.708 ms - -
[2025-02-24T00:07:30.177Z] GET /api/weather?input=Las%20Vegas,%20Nevada 304 59.748 ms - -
[2025-02-24T00:08:07.719Z] GET /api/weather?input=Las%20Vegas,%20Nevada 304 67.271 ms - -
[2025-02-24T00:08:54.709Z] GET /api/weather?input=Las%20Vegas,%20Nevada 304 99.385 ms - -
[2025-02-24T00:09:07.601Z] GET /api/weather?input=Las%20Vegas,%20Nevada 304 59.609 ms - -
[2025-02-24T00:09:50.796Z] GET /api/weather?input=Las%20Vegas,%20Nevada 304 59.205 ms - -
[2025-02-24T00:10:05.015Z] GET /api/weather?input=Las%20Vegas,%20Nevada 200 229.778 ms - 791
[2025-02-24T00:10:29.766Z] GET /api/weather?input=Las%20Vegas,%20Nevada 304 74.580 ms - -
[2025-02-24T00:10:40.812Z] GET /api/weather?input=Las%20Vegas,%20Nevada 304 61.647 ms - -
[2025-02-24T00:10:55.439Z] GET /api/weather?input=Las%20Vegas,%20Nevada 304 44.548 ms - -
[2025-02-24T00:11:05.706Z] GET /api/weather?input=Las%20Vegas,%20Nevada 304 58.003 ms - -
[2025-02-24T00:13:17.088Z] GET /api/weather?input=Las%20Vegas,%20Nevada 200 208.240 ms - 791
[2025-02-24T00:13:30.295Z] GET /api/weather?input=Las%20Vegas,%20Nevada 304 56.576 ms - -
[2025-02-24T00:15:35.315Z] GET /api/weather?input=Las%20Vegas,%20Nevada 304 109.581 ms - -
[2025-02-24T00:19:36.000Z] GET /api/weather?input=Las%20Vegas,%20Nevada 200 376.111 ms - 791
[2025-02-24T00:21:55.968Z] GET /api/weather?input=Las%20Vegas,%20Nevada 304 67.330 ms - -
